ISim log file
Running: /home/ise/Downloads/fulladdernbit/fulladdercomp_isim_beh.exe -intstyle ise -gui -tclbatch isim.cmd -wdb /home/ise/Downloads/fulladdernbit/fulladdercomp_isim_beh.wdb 
ISim P.20131013 (signature 0xfbc00daa)
----------------------------------------------------------------------
WARNING:Security:42 - Your software subscription period has lapsed. Your current version of Xilinx tools will continue to function, but you no longer qualify for Xilinx software updates or new releases.


----------------------------------------------------------------------
This is a Full version of ISim.
Time resolution is 1 ps
# onerror resume
# wave add /
# run 1000 ns
Simulator is doing circuit initialization process.
Finished circuit initialization process.
# restart
# isim force add /fulladdercomp/a 240 -radix unsigned
# isim force add /fulladdercomp/b 240 -radix unsigned
# isim force add /fulladdercomp/cin 0 -radix bin
# run 1.00us
Simulator is doing circuit initialization process.
Finished circuit initialization process.
